#
# There is insufficient memory for the Java Runtime Environment to continue.
# Native memory allocation (malloc) failed to allocate 1589616 bytes for Chunk::new
# Possible reasons:
#   The system is out of physical RAM or swap space
#   The process is running with CompressedOops enabled, and the Java Heap may be blocking the growth of the native heap
# Possible solutions:
#   Reduce memory load on the system
#   Increase physical memory or swap space
#   Check if swap backing store is full
#   Decrease Java heap size (-Xmx/-Xms)
#   Decrease number of Java threads
#   Decrease Java thread stack sizes (-Xss)
#   Set larger code cache with -XX:ReservedCodeCacheSize=
#   JVM is running with Unscaled Compressed Oops mode in which the Java heap is
#     placed in the first 4GB address space. The Java Heap base address is the
#     maximum limit for the native heap growth. Please use -XX:HeapBaseMinAddress
#     to set the Java Heap base and to place the Java Heap above 4GB virtual address.
# This output file may be truncated or incomplete.
#
#  Out of Memory Error (allocation.cpp:389), pid=1484, tid=0x0000000000000654
#
# JRE version: OpenJDK Runtime Environment (8.0_202-b03) (build 1.8.0_202-release-1483-b03)
# Java VM: OpenJDK 64-Bit Server VM (25.202-b03 mixed mode windows-amd64 compressed oops)
# Failed to write core dump. Minidumps are not enabled by default on client versions of Windows
#

---------------  T H R E A D  ---------------

Current thread (0x0000000016699000):  JavaThread "C2 CompilerThread0" daemon [_thread_in_native, id=1620, stack(0x0000000017ce0000,0x0000000017de0000)]

Stack: [0x0000000017ce0000,0x0000000017de0000]
[error occurred during error reporting (printing stack bounds), id 0xc0000005]

Native frames: (J=compiled Java code, j=interpreted, Vv=VM code, C=native code)


Current CompileTask:
C2: 961667 18318 % !   4       com.android.tools.r8.dex.c::b @ 242 (2274 bytes)


---------------  P R O C E S S  ---------------

Java Threads: ( => current thread )
  0x000000001f136000 JavaThread "WorkerExecutor Queue Thread 9" [_thread_blocked, id=6404, stack(0x00000000253a0000,0x00000000254a0000)]
  0x000000001f137000 JavaThread "ForkJoinPool.commonPool-worker-1" daemon [_thread_blocked, id=5540, stack(0x0000000026b00000,0x0000000026c00000)]
  0x000000001f134000 JavaThread "WorkerExecutor Queue Thread 8" [_thread_blocked, id=6780, stack(0x0000000026c00000,0x0000000026d00000)]
  0x000000001f135800 JavaThread "WorkerExecutor Queue Thread 5" [_thread_blocked, id=2464, stack(0x0000000025b00000,0x0000000025c00000)]
  0x000000001bbac000 JavaThread "Cache worker for Java compile cache (E:\Meetup\.gradle\5.4.1\javaCompile)" [_thread_blocked, id=4896, stack(0x0000000025d00000,0x0000000025e00000)]
  0x000000001bba3000 JavaThread "Cache worker for Java compile cache (C:\Users\Bilal Idrees\.gradle\caches\5.4.1\javaCompile)" [_thread_blocked, id=6444, stack(0x0000000000e00000,0x0000000000f00000)]
  0x000000001bbae000 JavaThread "stdout" [_thread_in_native, id=960, stack(0x0000000000b00000,0x0000000000c00000)]
  0x000000001bbad800 JavaThread "stderr" [_thread_in_native, id=6364, stack(0x0000000000a00000,0x0000000000b00000)]
  0x000000001bbac800 JavaThread "stdout" [_thread_in_native, id=6572, stack(0x0000000000900000,0x0000000000a00000)]
  0x000000001bba8000 JavaThread "stderr" [_thread_in_native, id=5456, stack(0x0000000000800000,0x0000000000900000)]
  0x000000001bbaa800 JavaThread "stdout" [_thread_in_native, id=1060, stack(0x0000000000700000,0x0000000000800000)]
  0x000000001bba9800 JavaThread "stderr" [_thread_in_native, id=896, stack(0x0000000000600000,0x0000000000700000)]
  0x000000001bbab000 JavaThread "stdout" [_thread_in_native, id=4920, stack(0x0000000000500000,0x0000000000600000)]
  0x000000001bba9000 JavaThread "stderr" [_thread_in_native, id=6580, stack(0x0000000000400000,0x0000000000500000)]
  0x000000001bba7800 JavaThread "pool-3-thread-1" [_thread_blocked, id=6376, stack(0x0000000025c00000,0x0000000025d00000)]
  0x000000001bba0800 JavaThread "Cache worker for execution history cache (E:\Meetup\.gradle\5.4.1\executionHistory)" [_thread_blocked, id=3304, stack(0x00000000252a0000,0x00000000253a0000)]
  0x000000001bb9f800 JavaThread "Execution worker for ':' Thread 3" [_thread_in_vm, id=4760, stack(0x0000000024fa0000,0x00000000250a0000)]
  0x0000000019e3a000 JavaThread "Execution worker for ':' Thread 2" [_thread_blocked, id=940, stack(0x0000000024ea0000,0x0000000024fa0000)]
  0x0000000019e36800 JavaThread "Execution worker for ':'" [_thread_blocked, id=6044, stack(0x0000000023d20000,0x0000000023e20000)]
  0x0000000019e39800 JavaThread "Cache worker for file content cache (E:\Meetup\.gradle\5.4.1\fileContent)" [_thread_blocked, id=6456, stack(0x0000000023c20000,0x0000000023d20000)]
  0x000000001e396000 JavaThread "Cache worker for file content cache (C:\Users\Bilal Idrees\.gradle\caches\5.4.1\fileContent)" [_thread_blocked, id=3712, stack(0x0000000023b20000,0x0000000023c20000)]
  0x000000001e395800 JavaThread "Cache worker for Build Output Cleanup Cache (E:\Meetup\.gradle\buildOutputCleanup)" [_thread_blocked, id=5620, stack(0x0000000023820000,0x0000000023920000)]
  0x000000001e392800 JavaThread "Build operations Thread 4" [_thread_blocked, id=6396, stack(0x0000000023720000,0x0000000023820000)]
  0x000000001e391800 JavaThread "Build operations Thread 3" [_thread_blocked, id=3440, stack(0x0000000022b20000,0x0000000022c20000)]
  0x000000001e394800 JavaThread "Build operations Thread 2" [_thread_blocked, id=3604, stack(0x0000000021ef0000,0x0000000021ff0000)]
  0x000000001e393000 JavaThread "Build operations" [_thread_blocked, id=3912, stack(0x0000000021df0000,0x0000000021ef0000)]
  0x000000001e394000 JavaThread "Cache worker for cache directory md-rule (C:\Users\Bilal Idrees\.gradle\caches\5.4.1\md-rule)" [_thread_blocked, id=6388, stack(0x0000000021cf0000,0x0000000021df0000)]
  0x000000001e38e000 JavaThread "Cache worker for cache directory md-supplier (C:\Users\Bilal Idrees\.gradle\caches\5.4.1\md-supplier)" [_thread_blocked, id=7128, stack(0x0000000021bf0000,0x0000000021cf0000)]
  0x000000001e391000 JavaThread "Cache worker for file hash cache (E:\Meetup\.gradle\5.4.1\fileHashes)" [_thread_blocked, id=4388, stack(0x00000000205d0000,0x00000000206d0000)]
  0x000000001e38e800 JavaThread "Thread-33" [_thread_blocked, id=6900, stack(0x0000000020220000,0x0000000020320000)]
  0x000000001e38d000 JavaThread "Stdin handler" [_thread_blocked, id=6596, stack(0x0000000020120000,0x0000000020220000)]
  0x000000001e390000 JavaThread "Asynchronous log dispatcher for DefaultDaemonConnection: socket connection from /127.0.0.1:1253 to /127.0.0.1:1743" [_thread_blocked, id=2660, stack(0x000000001e7f0000,0x000000001e8f0000)]
  0x000000001e389800 JavaThread "Daemon worker Thread 2" [_thread_blocked, id=6756, stack(0x000000001af80000,0x000000001b080000)]
  0x000000001e388800 JavaThread "Cancel handler" [_thread_blocked, id=4120, stack(0x000000001a880000,0x000000001a980000)]
  0x000000001e38b800 JavaThread "Handler for socket connection from /127.0.0.1:1253 to /127.0.0.1:1743" [_thread_in_native, id=2944, stack(0x000000001a680000,0x000000001a780000)]
  0x000000001e388000 JavaThread "Daemon Thread 2" [_thread_blocked, id=5628, stack(0x00000000185e0000,0x00000000186e0000)]
  0x000000001e38c800 JavaThread "Memory manager" [_thread_blocked, id=6040, stack(0x00000000227f0000,0x00000000228f0000)]
  0x000000001e387000 JavaThread "Cache worker for execution history cache (C:\Users\Bilal Idrees\.gradle\caches\5.4.1\executionHistory)" [_thread_blocked, id=2124, stack(0x00000000218f0000,0x00000000219f0000)]
  0x0000000019e35000 JavaThread "Cache worker for journal cache (C:\Users\Bilal Idrees\.gradle\caches\journal-1)" [_thread_blocked, id=856, stack(0x000000001c350000,0x000000001c450000)]
  0x0000000019e33800 JavaThread "File lock request listener" [_thread_in_native, id=5804, stack(0x000000001c150000,0x000000001c250000)]
  0x0000000019d24000 JavaThread "Cache worker for file hash cache (C:\Users\Bilal Idrees\.gradle\caches\5.4.1\fileHashes)" [_thread_blocked, id=6012, stack(0x000000001c050000,0x000000001c150000)]
  0x0000000018096800 JavaThread "Daemon periodic checks" [_thread_blocked, id=3056, stack(0x000000001a780000,0x000000001a880000)]
  0x00000000192e4800 JavaThread "Incoming local TCP Connector on port 1253" [_thread_in_native, id=6016, stack(0x000000001a490000,0x000000001a590000)]
  0x000000001907e000 JavaThread "Daemon health stats" [_thread_blocked, id=1928, stack(0x0000000019eb0000,0x0000000019fb0000)]
  0x0000000017fee000 JavaThread "Service Thread" daemon [_thread_blocked, id=1124, stack(0x00000000183e0000,0x00000000184e0000)]
  0x00000000166f9800 JavaThread "C1 CompilerThread2" daemon [_thread_blocked, id=4836, stack(0x0000000017ee0000,0x0000000017fe0000)]
  0x00000000166f6800 JavaThread "C2 CompilerThread1" daemon [_thread_blocked, id=1896, stack(0x0000000017de0000,0x0000000017ee0000)]
=>0x0000000016699000 JavaThread "C2 CompilerThread0" daemon [_thread_in_native, id=1620, stack(0x0000000017ce0000,0x0000000017de0000)]
  0x00000000166a7800 JavaThread "Attach Listener" daemon [_thread_blocked, id=764, stack(0x0000000017be0000,0x0000000017ce0000)]
  0x00000000166a6800 JavaThread "Signal Dispatcher" daemon [_thread_blocked, id=500, stack(0x0000000017ae0000,0x0000000017be0000)]
  0x0000000002ceb800 JavaThread "Finalizer" daemon [_thread_blocked, id=2876, stack(0x00000000178f0000,0x00000000179f0000)]
  0x0000000016689000 JavaThread "Reference Handler" daemon [_thread_blocked, id=840, stack(0x00000000177f0000,0x00000000178f0000)]
  0x0000000002d2e000 JavaThread "main" [_thread_blocked, id=792, stack(0x0000000002ac0000,0x0000000002bc0000)]

Other Threads:
  0x0000000016667800 VMThread [stack: 0x00000000176f0000,0x00000000177f0000] [id=4396]
  0x0000000017fe4000 WatcherThread [stack: 0x00000000184e0000,0x00000000185e0000] [id=1436]

VM state:not at safepoint (normal execution)

VM Mutex/Monitor currently owned by a thread: None

heap address: 0x00000000a0000000, size: 1536 MB, Compressed Oops mode: 32-bit
Narrow klass base: 0x0000000000000000, Narrow klass shift: 3
Compressed class space size: 1073741824 Address: 0x0000000100000000

Heap:
 PSYoungGen      total 367616K, used 124931K [0x00000000e0000000, 0x00000000fa580000, 0x0000000100000000)
  eden space 303616K, 33% used [0x00000000e0000000,0x00000000e626cfc8,0x00000000f2880000)
  from space 64000K, 37% used [0x00000000f2880000,0x00000000f4013c58,0x00000000f6700000)
  to   space 44544K, 0% used [0x00000000f7a00000,0x00000000f7a00000,0x00000000fa580000)
 ParOldGen       total 120832K, used 120821K [0x00000000a0000000, 0x00000000a7600000, 0x00000000e0000000)
  object space 120832K, 99% used [0x00000000a0000000,0x00000000a75fd6b0,0x00000000a7600000)
 Metaspace       used 97326K, capacity 100492K, committed 100952K, reserved 1136640K
  class space    used 12371K, capacity 13060K, committed 13184K, reserved 1048576K

Card table byte_map: [0x00000000120f0000,0x0000000012400000] byte_map_base: 0x0000000011bf0000

Marking Bits: (ParMarkBitMap*) 0x000000006e569f30
 Begin Bits: [0x0000000012a00000, 0x0000000014200000)
 End Bits:   [0x0000000014200000, 0x0000000015a00000)

Polling page: 0x0000000002bc0000

CodeCache: size=245760Kb used=50250Kb max_used=51478Kb free=195509Kb
 bounds [0x0000000002d30000, 0x0000000005fc0000, 0x0000000011d30000]
 total_blobs=15554 nmethods=14676 adapters=790
 compilation: enabled

Compilation events (10 events):
Event: 961.091 Thread 0x00000000166f9800 18566       3       java.util.zip.CRC32::getValue (10 bytes)
Event: 961.092 Thread 0x00000000166f9800 nmethod 18566 0x0000000002ec1650 code [0x0000000002ec17a0, 0x0000000002ec1910]
Event: 961.092 Thread 0x00000000166f6800 18567  s    4       sun.nio.ch.ChannelInputStream::read (105 bytes)
Event: 961.093 Thread 0x00000000166f9800 18568       3       org.gradle.internal.fingerprint.impl.AbstractFileSystemLocationFingerprint::compareTo (9 bytes)
Event: 961.094 Thread 0x00000000166f9800 nmethod 18568 0x00000000039b02d0 code [0x00000000039b04a0, 0x00000000039b0c08]
Event: 961.096 Thread 0x00000000166f9800 18569       3       org.gradle.internal.fingerprint.impl.AbstractFileSystemLocationFingerprint::compareTo (34 bytes)
Event: 961.096 Thread 0x00000000166f9800 nmethod 18569 0x0000000003344c10 code [0x0000000003344dc0, 0x0000000003345348]
Event: 961.099 Thread 0x00000000166f6800 nmethod 18567 0x0000000003602790 code [0x0000000003602920, 0x00000000036030a8]
Event: 961.199 Thread 0x00000000166f6800 18571   !   4       java.lang.invoke.MemberName::getMethodType (208 bytes)
Event: 961.206 Thread 0x00000000166f6800 nmethod 18571 0x0000000004ec1690 code [0x0000000004ec1820, 0x0000000004ec1d28]

GC Heap History (10 events):
Event: 947.805 GC heap before
{Heap before GC invocations=24 (full 5):
 PSYoungGen      total 309760K, used 44538K [0x00000000e0000000, 0x00000000fba00000, 0x0000000100000000)
  eden space 265216K, 0% used [0x00000000e0000000,0x00000000e0000000,0x00000000f0300000)
  from space 44544K, 99% used [0x00000000f0300000,0x00000000f2e7eac0,0x00000000f2e80000)
  to   space 65536K, 0% used [0x00000000f7a00000,0x00000000f7a00000,0x00000000fba00000)
 ParOldGen       total 120832K, used 120323K [0x00000000a0000000, 0x00000000a7600000, 0x00000000e0000000)
  object space 120832K, 99% used [0x00000000a0000000,0x00000000a7580de0,0x00000000a7600000)
 Metaspace       used 86550K, capacity 88872K, committed 89304K, reserved 1126400K
  class space    used 10916K, capacity 11480K, committed 11520K, reserved 1048576K
Event: 948.302 GC heap after
Heap after GC invocations=24 (full 5):
 PSYoungGen      total 309760K, used 0K [0x00000000e0000000, 0x00000000fba00000, 0x0000000100000000)
  eden space 265216K, 0% used [0x00000000e0000000,0x00000000e0000000,0x00000000f0300000)
  from space 44544K, 0% used [0x00000000f0300000,0x00000000f0300000,0x00000000f2e80000)
  to   space 65536K, 0% used [0x00000000f7a00000,0x00000000f7a00000,0x00000000fba00000)
 ParOldGen       total 120832K, used 112681K [0x00000000a0000000, 0x00000000a7600000, 0x00000000e0000000)
  object space 120832K, 93% used [0x00000000a0000000,0x00000000a6e0a720,0x00000000a7600000)
 Metaspace       used 86550K, capacity 88872K, committed 89304K, reserved 1126400K
  class space    used 10916K, capacity 11480K, committed 11520K, reserved 1048576K
}
Event: 952.212 GC heap before
{Heap before GC invocations=25 (full 6):
 PSYoungGen      total 309760K, used 265216K [0x00000000e0000000, 0x00000000fba00000, 0x0000000100000000)
  eden space 265216K, 100% used [0x00000000e0000000,0x00000000f0300000,0x00000000f0300000)
  from space 44544K, 0% used [0x00000000f0300000,0x00000000f0300000,0x00000000f2e80000)
  to   space 65536K, 0% used [0x00000000f7a00000,0x00000000f7a00000,0x00000000fba00000)
 ParOldGen       total 120832K, used 112681K [0x00000000a0000000, 0x00000000a7600000, 0x00000000e0000000)
  object space 120832K, 93% used [0x00000000a0000000,0x00000000a6e0a720,0x00000000a7600000)
 Metaspace       used 93614K, capacity 96396K, committed 96600K, reserved 1132544K
  class space    used 11987K, capacity 12612K, committed 12672K, reserved 1048576K
Event: 952.470 GC heap after
Heap after GC invocations=25 (full 6):
 PSYoungGen      total 309760K, used 0K [0x00000000e0000000, 0x00000000fba00000, 0x0000000100000000)
  eden space 265216K, 0% used [0x00000000e0000000,0x00000000e0000000,0x00000000f0300000)
  from space 44544K, 0% used [0x00000000f0300000,0x00000000f0300000,0x00000000f2e80000)
  to   space 65536K, 0% used [0x00000000f7a00000,0x00000000f7a00000,0x00000000fba00000)
 ParOldGen       total 120832K, used 80053K [0x00000000a0000000, 0x00000000a7600000, 0x00000000e0000000)
  object space 120832K, 66% used [0x00000000a0000000,0x00000000a4e2d700,0x00000000a7600000)
 Metaspace       used 93549K, capacity 96242K, committed 96600K, reserved 1132544K
  class space    used 11964K, capacity 12571K, committed 12672K, reserved 1048576K
}
Event: 954.876 GC heap before
{Heap before GC invocations=26 (full 6):
 PSYoungGen      total 309760K, used 265216K [0x00000000e0000000, 0x00000000fba00000, 0x0000000100000000)
  eden space 265216K, 100% used [0x00000000e0000000,0x00000000f0300000,0x00000000f0300000)
  from space 44544K, 0% used [0x00000000f0300000,0x00000000f0300000,0x00000000f2e80000)
  to   space 65536K, 0% used [0x00000000f7a00000,0x00000000f7a00000,0x00000000fba00000)
 ParOldGen       total 120832K, used 80053K [0x00000000a0000000, 0x00000000a7600000, 0x00000000e0000000)
  object space 120832K, 66% used [0x00000000a0000000,0x00000000a4e2d700,0x00000000a7600000)
 Metaspace       used 96202K, capacity 99468K, committed 99672K, reserved 1136640K
  class space    used 12228K, capacity 12880K, committed 12928K, reserved 1048576K
Event: 954.925 GC heap after
Heap after GC invocations=26 (full 6):
 PSYoungGen      total 348160K, used 29833K [0x00000000e0000000, 0x00000000fa580000, 0x0000000100000000)
  eden space 303616K, 0% used [0x00000000e0000000,0x00000000e0000000,0x00000000f2880000)
  from space 44544K, 66% used [0x00000000f7a00000,0x00000000f9722620,0x00000000fa580000)
  to   space 64000K, 0% used [0x00000000f2880000,0x00000000f2880000,0x00000000f6700000)
 ParOldGen       total 120832K, used 80061K [0x00000000a0000000, 0x00000000a7600000, 0x00000000e0000000)
  object space 120832K, 66% used [0x00000000a0000000,0x00000000a4e2f700,0x00000000a7600000)
 Metaspace       used 96202K, capacity 99468K, committed 99672K, reserved 1136640K
  class space    used 12228K, capacity 12880K, committed 12928K, reserved 1048576K
}
Event: 958.102 GC heap before
{Heap before GC invocations=27 (full 6):
 PSYoungGen      total 348160K, used 333449K [0x00000000e0000000, 0x00000000fa580000, 0x0000000100000000)
  eden space 303616K, 100% used [0x00000000e0000000,0x00000000f2880000,0x00000000f2880000)
  from space 44544K, 66% used [0x00000000f7a00000,0x00000000f9722620,0x00000000fa580000)
  to   space 64000K, 0% used [0x00000000f2880000,0x00000000f2880000,0x00000000f6700000)
 ParOldGen       total 120832K, used 80061K [0x00000000a0000000, 0x00000000a7600000, 0x00000000e0000000)
  object space 120832K, 66% used [0x00000000a0000000,0x00000000a4e2f700,0x00000000a7600000)
 Metaspace       used 97154K, capacity 100460K, committed 100696K, reserved 1136640K
  class space    used 12359K, capacity 13058K, committed 13184K, reserved 1048576K
Event: 958.250 GC heap after
Heap after GC invocations=27 (full 6):
 PSYoungGen      total 367616K, used 63985K [0x00000000e0000000, 0x00000000fa580000, 0x0000000100000000)
  eden space 303616K, 0% used [0x00000000e0000000,0x00000000e0000000,0x00000000f2880000)
  from space 64000K, 99% used [0x00000000f2880000,0x00000000f66fc6e0,0x00000000f6700000)
  to   space 44544K, 0% used [0x00000000f7a00000,0x00000000f7a00000,0x00000000fa580000)
 ParOldGen       total 120832K, used 103249K [0x00000000a0000000, 0x00000000a7600000, 0x00000000e0000000)
  object space 120832K, 85% used [0x00000000a0000000,0x00000000a64d4730,0x00000000a7600000)
 Metaspace       used 97154K, capacity 100460K, committed 100696K, reserved 1136640K
  class space    used 12359K, capacity 13058K, committed 13184K, reserved 1048576K
}
Event: 958.250 GC heap before
{Heap before GC invocations=28 (full 7):
 PSYoungGen      total 367616K, used 63985K [0x00000000e0000000, 0x00000000fa580000, 0x0000000100000000)
  eden space 303616K, 0% used [0x00000000e0000000,0x00000000e0000000,0x00000000f2880000)
  from space 64000K, 99% used [0x00000000f2880000,0x00000000f66fc6e0,0x00000000f6700000)
  to   space 44544K, 0% used [0x00000000f7a00000,0x00000000f7a00000,0x00000000fa580000)
 ParOldGen       total 120832K, used 103249K [0x00000000a0000000, 0x00000000a7600000, 0x00000000e0000000)
  object space 120832K, 85% used [0x00000000a0000000,0x00000000a64d4730,0x00000000a7600000)
 Metaspace       used 97154K, capacity 100460K, committed 100696K, reserved 1136640K
  class space    used 12359K, capacity 13058K, committed 13184K, reserved 1048576K
Event: 959.436 GC heap after
Heap after GC invocations=28 (full 7):
 PSYoungGen      total 367616K, used 24143K [0x00000000e0000000, 0x00000000fa580000, 0x0000000100000000)
  eden space 303616K, 0% used [0x00000000e0000000,0x00000000e0000000,0x00000000f2880000)
  from space 64000K, 37% used [0x00000000f2880000,0x00000000f4013c58,0x00000000f6700000)
  to   space 44544K, 0% used [0x00000000f7a00000,0x00000000f7a00000,0x00000000fa580000)
 ParOldGen       total 120832K, used 120821K [0x00000000a0000000, 0x00000000a7600000, 0x00000000e0000000)
  object space 120832K, 99% used [0x00000000a0000000,0x00000000a75fd6b0,0x00000000a7600000)
 Metaspace       used 97070K, capacity 100204K, committed 100696K, reserved 1136640K
  class space    used 12333K, capacity 13012K, committed 13184K, reserved 1048576K
}

Deoptimization events (10 events):
Event: 957.870 Thread 0x000000001f135800 Uncommon trap: reason=unstable_if action=reinterpret pc=0x00000000057e4068 method=java.util.Spliterators$ArraySpliterator.forEachRemaining(Ljava/util/function/Consumer;)V @ 46
Event: 957.892 Thread 0x000000001f13e800 Uncommon trap: reason=unstable_if action=reinterpret pc=0x0000000003211428 method=java.util.Arrays.equals([Ljava/lang/Object;[Ljava/lang/Object;)Z @ 52
Event: 958.022 Thread 0x000000001f13e800 Uncommon trap: reason=unstable_if action=reinterpret pc=0x0000000005ea7ae4 method=com.android.tools.r8.graph.DexProgramClass.U()Z @ 41
Event: 959.525 Thread 0x000000001f13e800 Uncommon trap: reason=unstable_if action=reinterpret pc=0x0000000004f3465c method=java.util.TimSort.mergeHi(IIII)V @ 503
Event: 959.571 Thread 0x000000001f13e800 Uncommon trap: reason=unstable_if action=reinterpret pc=0x0000000005bd8270 method=java.util.TimSort.mergeLo(IIII)V @ 513
Event: 959.624 Thread 0x000000001f13e800 Uncommon trap: reason=unstable_if action=reinterpret pc=0x0000000005b1afa0 method=com.android.tools.r8.dex.DexOutputBuffer.j(I)V @ 8
Event: 959.661 Thread 0x0000000019e3a000 Uncommon trap: reason=unstable_if action=reinterpret pc=0x0000000004c8e6e0 method=java.util.concurrent.ArrayBlockingQueue.enqueue(Ljava/lang/Object;)V @ 25
Event: 961.002 Thread 0x000000001bb9f800 Uncommon trap: reason=class_check action=maybe_recompile pc=0x00000000048b57f8 method=com.sun.org.apache.xerces.internal.impl.XMLDocumentFragmentScannerImpl.setProperty(Ljava/lang/String;Ljava/lang/Object;)V @ 73
Event: 961.002 Thread 0x000000001bb9f800 Uncommon trap: reason=class_check action=maybe_recompile pc=0x00000000047d37f4 method=com.sun.org.apache.xerces.internal.impl.XMLEntityManager.setProperty(Ljava/lang/String;Ljava/lang/Object;)V @ 102
Event: 961.003 Thread 0x000000001bb9f800 Uncommon trap: reason=predicate action=maybe_recompile pc=0x0000000004e37cd8 method=com.sun.org.apache.xerces.internal.parsers.AbstractSAXParser.endNamespaceMapping()V @ 21

Classes redefined (0 events):
No events

Internal exceptions (10 events):
Event: 953.962 Thread 0x000000001f135800 Exception <a 'sun/nio/fs/WindowsException'> (0x00000000eacfcd18) thrown at [D:\src\AOSP-openjdk-cygwin\jdk8u\hotspot\src\share\vm\prims\jni.cpp, line 710]
Event: 953.963 Thread 0x000000001f135800 Exception <a 'sun/nio/fs/WindowsException'> (0x00000000ead02ee0) thrown at [D:\src\AOSP-openjdk-cygwin\jdk8u\hotspot\src\share\vm\prims\jni.cpp, line 710]
Event: 953.963 Thread 0x000000001f135800 Exception <a 'sun/nio/fs/WindowsException'> (0x00000000eae4b490) thrown at [D:\src\AOSP-openjdk-cygwin\jdk8u\hotspot\src\share\vm\prims\jni.cpp, line 710]
Event: 954.237 Thread 0x0000000019e36800 Exception <a 'java/lang/NoSuchMethodError': <clinit>> (0x00000000ec008098) thrown at [D:\src\AOSP-openjdk-cygwin\jdk8u\hotspot\src\share\vm\prims\jni.cpp, line 1614]
Event: 954.648 Thread 0x000000001f134000 Exception <a 'sun/nio/fs/WindowsException'> (0x00000000ed885848) thrown at [D:\src\AOSP-openjdk-cygwin\jdk8u\hotspot\src\share\vm\prims\jni.cpp, line 710]
Event: 954.714 Thread 0x000000001f135800 Exception <a 'sun/nio/fs/WindowsException'> (0x00000000eec7e370) thrown at [D:\src\AOSP-openjdk-cygwin\jdk8u\hotspot\src\share\vm\prims\jni.cpp, line 710]
Event: 954.968 Thread 0x000000001f140000 Implicit null exception at 0x00000000042f98af to 0x00000000042f99a1
Event: 955.632 Thread 0x000000001f140800 Exception <a 'sun/nio/fs/WindowsException'> (0x00000000e33d49c0) thrown at [D:\src\AOSP-openjdk-cygwin\jdk8u\hotspot\src\share\vm\prims\jni.cpp, line 710]
Event: 957.809 Thread 0x000000001f13e800 Implicit null exception at 0x0000000004e4c1cf to 0x0000000004e4c331
Event: 960.811 Thread 0x000000001f13e800 Exception <a 'sun/nio/fs/WindowsException'> (0x00000000e5e76e80) thrown at [D:\src\AOSP-openjdk-cygwin\jdk8u\hotspot\src\share\vm\prims\jni.cpp, line 710]

Events (10 events):
Event: 961.288 loading class com/google/common/collect/Maps$FilteredEntryNavigableMap
Event: 961.288 loading class com/google/common/collect/Maps$FilteredEntryNavigableMap done
Event: 961.289 loading class com/google/common/collect/AbstractNavigableMap
Event: 961.289 loading class com/google/common/collect/AbstractNavigableMap done
Event: 961.290 loading class com/google/common/collect/Maps$FilteredEntryMap
Event: 961.290 loading class com/google/common/collect/Maps$FilteredEntryMap done
Event: 961.290 loading class com/google/common/collect/Maps$AbstractFilteredMap
Event: 961.290 loading class com/google/common/collect/Maps$AbstractFilteredMap done
Event: 961.291 loading class com/google/common/collect/Sets$FilteredSet
Event: 961.291 loading class com/google/common/collect/Sets$FilteredSet done


Dynamic libraries:
0x00007ff709200000 - 0x00007ff709231000 	C:\Program Files\Android\Android Studio\jre\bin\java.exe
0x00007ffe27ee0000 - 0x00007ffe2808d000 	C:\Windows\SYSTEM32\ntdll.dll
0x00007ffe27b60000 - 0x00007ffe27c9e000 	C:\Windows\system32\KERNEL32.DLL
0x00007ffe03d90000 - 0x00007ffe03da4000 	C:\Program Files\AVAST Software\Avast\aswhook.dll
0x00007ffe251a0000 - 0x00007ffe252b5000 	C:\Windows\system32\KERNELBASE.dll
0x00007ffe25d40000 - 0x00007ffe25dea000 	C:\Windows\system32\ADVAPI32.dll
0x00007ffe25e70000 - 0x00007ffe25fe7000 	C:\Windows\system32\USER32.dll
0x00007ffe23390000 - 0x00007ffe2360a000 	C:\Windows\WinSxS\amd64_microsoft.windows.common-controls_6595b64144ccf1df_6.0.9600.17810_none_6240b9c7ecbd0bda\COMCTL32.dll
0x00007ffe27960000 - 0x00007ffe27a0a000 	C:\Windows\system32\msvcrt.dll
0x00007ffe275c0000 - 0x00007ffe27619000 	C:\Windows\SYSTEM32\sechost.dll
0x00007ffe27a10000 - 0x00007ffe27b51000 	C:\Windows\system32\RPCRT4.dll
0x00007ffe25740000 - 0x00007ffe2588f000 	C:\Windows\system32\GDI32.dll
0x00007ffe27580000 - 0x00007ffe275b6000 	C:\Windows\system32\IMM32.DLL
0x00007ffe25be0000 - 0x00007ffe25d32000 	C:\Windows\system32\MSCTF.dll
0x000000006dcc0000 - 0x000000006dd92000 	C:\Program Files\Android\Android Studio\jre\jre\bin\msvcr100.dll
0x000000006dda0000 - 0x000000006e5e6000 	C:\Program Files\Android\Android Studio\jre\jre\bin\server\jvm.dll
0x00007ffe1f050000 - 0x00007ffe1f059000 	C:\Windows\SYSTEM32\WSOCK32.dll
0x00007ffe101e0000 - 0x00007ffe10202000 	C:\Windows\SYSTEM32\WINMM.dll
0x00007ffe1e690000 - 0x00007ffe1e69a000 	C:\Windows\SYSTEM32\VERSION.dll
0x00007ffe25df0000 - 0x00007ffe25df7000 	C:\Windows\system32\PSAPI.DLL
0x00007ffe27620000 - 0x00007ffe2767a000 	C:\Windows\system32\WS2_32.dll
0x00007ffe101b0000 - 0x00007ffe101da000 	C:\Windows\SYSTEM32\WINMMBASE.dll
0x00007ffe25e00000 - 0x00007ffe25e09000 	C:\Windows\system32\NSI.dll
0x00007ffe254a0000 - 0x00007ffe254ef000 	C:\Windows\SYSTEM32\cfgmgr32.dll
0x00007ffe23e00000 - 0x00007ffe23e28000 	C:\Windows\SYSTEM32\DEVOBJ.dll
0x00007ffe1b2e0000 - 0x00007ffe1b2ef000 	C:\Program Files\Android\Android Studio\jre\jre\bin\verify.dll
0x00007ffdf70a0000 - 0x00007ffdf70c9000 	C:\Program Files\Android\Android Studio\jre\jre\bin\java.dll
0x00007ffdf7080000 - 0x00007ffdf7096000 	C:\Program Files\Android\Android Studio\jre\jre\bin\zip.dll
0x00007ffe26050000 - 0x00007ffe27578000 	C:\Windows\system32\SHELL32.dll
0x00007ffe27ca0000 - 0x00007ffe27eb2000 	C:\Windows\SYSTEM32\combase.dll
0x00007ffe25e10000 - 0x00007ffe25e64000 	C:\Windows\system32\SHLWAPI.dll
0x00007ffe23840000 - 0x00007ffe238f2000 	C:\Windows\SYSTEM32\SHCORE.dll
0x00007ffe25020000 - 0x00007ffe25035000 	C:\Windows\SYSTEM32\profapi.dll
0x00007ffdf7060000 - 0x00007ffdf707a000 	C:\Program Files\Android\Android Studio\jre\jre\bin\net.dll
0x00007ffe248f0000 - 0x00007ffe24949000 	C:\Windows\system32\mswsock.dll
0x00007ffdf7040000 - 0x00007ffdf7051000 	C:\Program Files\Android\Android Studio\jre\jre\bin\nio.dll
0x00007ffe059d0000 - 0x00007ffe059f6000 	C:\Users\Bilal Idrees\.gradle\native\29\windows-amd64\native-platform.dll
0x00007ffe1aeb0000 - 0x00007ffe1aebd000 	C:\Program Files\Android\Android Studio\jre\jre\bin\management.dll
0x00007ffe24950000 - 0x00007ffe24970000 	C:\Windows\SYSTEM32\CRYPTSP.dll
0x00007ffe24520000 - 0x00007ffe24556000 	C:\Windows\system32\rsaenh.dll
0x00007ffe24ba0000 - 0x00007ffe24bc6000 	C:\Windows\SYSTEM32\bcrypt.dll
0x00007ffe24630000 - 0x00007ffe24651000 	C:\Windows\SYSTEM32\USERENV.dll
0x00007ffe24ef0000 - 0x00007ffe24f53000 	C:\Windows\system32\bcryptprimitives.dll
0x00007ffe24f60000 - 0x00007ffe24f6b000 	C:\Windows\SYSTEM32\CRYPTBASE.dll
0x00007ffe1f940000 - 0x00007ffe1f96a000 	C:\Windows\SYSTEM32\IPHLPAPI.DLL
0x00007ffe1f920000 - 0x00007ffe1f92a000 	C:\Windows\SYSTEM32\WINNSI.DLL
0x00007ffe1f3f0000 - 0x00007ffe1f406000 	C:\Windows\SYSTEM32\dhcpcsvc6.DLL
0x00007ffe1f5f0000 - 0x00007ffe1f60a000 	C:\Windows\SYSTEM32\dhcpcsvc.DLL
0x00007ffe1ae70000 - 0x00007ffe1aea2000 	C:\Windows\SYSTEM32\ntmarta.dll
0x00007ffe23bb0000 - 0x00007ffe23c3e000 	C:\Windows\system32\apphelp.dll

VM Arguments:
jvm_args: -Xmx1536m -Dfile.encoding=windows-1252 -Duser.country=US -Duser.language=en -Duser.variant 
java_command: org.gradle.launcher.daemon.bootstrap.GradleDaemon 5.4.1
java_class_path (initial): C:\Users\Bilal Idrees\.gradle\wrapper\dists\gradle-5.4.1-all\3221gyojl5jsh0helicew7rwx\gradle-5.4.1\lib\gradle-launcher-5.4.1.jar
Launcher Type: SUN_STANDARD

Environment Variables:
JAVA_HOME=E:\Java\jdk1.8.0_131
PATH=C:\ProgramData\Oracle\Java\javapath;C:\Windows\system32;C:\Windows;C:\Windows\System32\Wbem;C:\Windows\System32\WindowsPowerShell\v1.0\;C:\Program Files (x86)\Windows Kits\8.1\Windows Performance Toolkit\;C:\Program Files\Microsoft SQL Server\110\Tools\Binn\;C:\Program Files (x86)\Microsoft SQL Server\100\Tools\Binn\;C:\Program Files\Microsoft SQL Server\100\Tools\Binn\;C:\Program Files\Microsoft SQL Server\100\DTS\Binn\;C:\Program Files (x86)\GtkSharp\2.12\bin;C:\Program Files\Git\cmd;C:\Program Files\nodejs\;C:\Program Files (x86)\Microsoft SQL Server\120\Tools\Binn\ManagementStudio\;C:\Program Files (x86)\Microsoft SQL Server\120\Tools\Binn\;C:\Program Files (x86)\Microsoft Visual Studio 12.0\Common7\IDE\PrivateAssemblies\;C:\Program Files (x86)\Microsoft SQL Server\120\DTS\Binn\;C:\Program Files\Microsoft SQL Server\Client SDK\ODBC\110\Tools\Binn\;C:\Program Files\Microsoft SQL Server\120\Tools\Binn\;C:\Program Files\Microsoft SQL Server\120\DTS\Binn\;;C:\Program Files\Microsoft VS Code\bin;C:\Users\Bilal Idrees\AppData\Roaming\npm
USERNAME=Bilal Idrees
OS=Windows_NT
PROCESSOR_IDENTIFIER=Intel64 Family 6 Model 69 Stepping 1, GenuineIntel



---------------  S Y S T E M  ---------------

OS: Windows 8.1 , 64 bit Build 9600 (6.3.9600.17415)

CPU:total 4 (initial active 4) (2 cores per cpu, 2 threads per core) family 6 model 69 stepping 1, cmov, cx8, fxsr, mmx, sse, sse2, sse3, ssse3, sse4.1, sse4.2, popcnt, avx, avx2, aes, clmul, erms, rtm, lzcnt, ht, tsc, tscinvbit, bmi1, bmi2

Memory: 4k page, physical 4097580k(279184k free), swap 6938952k(4872k free)

vm_info: OpenJDK 64-Bit Server VM (25.202-b03) for windows-amd64 JRE (1.8.0_202-release-1483-b03), built by "builder" with MS VC++ 10.0 (VS2010)

time: Tue Jan 07 15:36:04 2020
timezone: Pakistan Standard Time
elapsed time: 961 seconds (0d 0h 16m 1s)

